{
  "0 debug pnpm:scope": {
    "selected": 1
  },
  "1 debug pnpm:package-manifest": {
    "initial": {
      "name": "LW3Punks-NFT",
      "version": "1.0.0",
      "description": "",
      "main": "index.js",
      "scripts": {
        "test": "echo \"Error: no test specified\" && exit 1"
      },
      "keywords": [],
      "author": "",
      "license": "ISC"
    },
    "prefix": "/Users/ogooluwaakinola/Desktop/infura/blockchain/learnweb3/LW3Punks-NFT"
  },
  "2 debug pnpm:context": {
    "currentLockfileExists": false,
    "storeDir": "/Users/ogooluwaakinola/Library/pnpm/store/v3",
    "virtualStoreDir": "/Users/ogooluwaakinola/Desktop/infura/blockchain/learnweb3/LW3Punks-NFT/node_modules/.pnpm"
  },
  "3 debug pnpm:stage": {
    "prefix": "/Users/ogooluwaakinola/Desktop/infura/blockchain/learnweb3/LW3Punks-NFT",
    "stage": "resolution_started"
  },
  "4 error pnpm": {
    "code": "ERR_PNPM_FETCH_404",
    "hint": "hardhart is not in the npm registry, or you have no permission to fetch it.\n\nNo authorization header was set for the request.",
    "request": {
      "url": "https://registry.npmjs.org/hardhart"
    },
    "response": {
      "size": 0
    },
    "pkgName": "hardhart",
    "spec": {
      "fetchSpec": "latest",
      "name": "hardhart",
      "type": "tag"
    },
    "pkgsStack": [],
    "err": {
      "name": "pnpm",
      "message": "GET https://registry.npmjs.org/hardhart: Not Found - 404",
      "code": "ERR_PNPM_FETCH_404",
      "stack": "pnpm: GET https://registry.npmjs.org/hardhart: Not Found - 404\n    at RetryOperation._fn (/Users/ogooluwaakinola/.nvm/versions/node/v16.15.1/lib/node_modules/pnpm/dist/pnpm.cjs:85463:19)\n    at processTicksAndRejections (node:internal/process/task_queues:96:5)"
    }
  }
}